# JRE version: Java(TM) SE Runtime Environment (17.0.1+12) (build 17.0.1+12-LTS-39)
# Java VM: Java HotSpot(TM) 64-Bit Server VM (17.0.1+12-LTS-39, mixed mode, sharing, tiered, compressed oops, compressed class ptrs, g1 gc, windows-amd64)
GC Precious Log:
 CPUs: 2 total, 2 available
 Memory: 2046M
 Large Page Support: Disabled
 NUMA Support: Disabled
 Compressed Oops: Enabled (32-bit)
 Heap Region Size: 1M
 Heap Min Capacity: 8M
 Heap Initial Capacity: 32M
 Heap Max Capacity: 512M
 Pre-touch: Disabled
 Parallel Workers: 2
 Concurrent Workers: 1
 Concurrent Refinement Workers: 2
 Periodic GC: Disabled
Heap:
 garbage-first heap   total 157696K, used 86503K [0x00000000e0000000, 0x0000000100000000)
  region size 1024K, 3 young (3072K), 1 survivors (1024K)
 Metaspace       used 23123K, committed 23360K, reserved 1073152K
  class space    used 2729K, committed 2816K, reserved 1048576K
GC Heap History (20 events):
Event: 739.171 GC heap before
{Heap before GC invocations=29 (full 0):
 garbage-first heap   total 148480K, used 88580K [0x00000000e0000000, 0x0000000100000000)
  region size 1024K, 2 young (2048K), 1 survivors (1024K)
 Metaspace       used 22787K, committed 22976K, reserved 1073152K
  class space    used 2722K, committed 2816K, reserved 1048576K
}
Event: 739.367 GC heap after
{Heap after GC invocations=30 (full 0):
 garbage-first heap   total 148480K, used 87079K [0x00000000e0000000, 0x0000000100000000)
  region size 1024K, 1 young (1024K), 1 survivors (1024K)
 Metaspace       used 22787K, committed 22976K, reserved 1073152K
  class space    used 2722K, committed 2816K, reserved 1048576K
}
Event: 741.544 GC heap before
{Heap before GC invocations=31 (full 0):
 garbage-first heap   total 152576K, used 89127K [0x00000000e0000000, 0x0000000100000000)
  region size 1024K, 3 young (3072K), 1 survivors (1024K)
 Metaspace       used 22787K, committed 22976K, reserved 1073152K
  class space    used 2722K, committed 2816K, reserved 1048576K
}
Event: 741.572 GC heap after
{Heap after GC invocations=32 (full 0):
 garbage-first heap   total 152576K, used 86913K [0x00000000e0000000, 0x0000000100000000)
  region size 1024K, 1 young (1024K), 1 survivors (1024K)
 Metaspace       used 22787K, committed 22976K, reserved 1073152K
  class space    used 2722K, committed 2816K, reserved 1048576K
}
Event: 743.684 GC heap before
{Heap before GC invocations=33 (full 0):
 garbage-first heap   total 153600K, used 91009K [0x00000000e0000000, 0x0000000100000000)
  region size 1024K, 2 young (2048K), 1 survivors (1024K)
 Metaspace       used 22789K, committed 22976K, reserved 1073152K
  class space    used 2722K, committed 2816K, reserved 1048576K
}
Event: 743.686 GC heap after
{Heap after GC invocations=34 (full 0):
 garbage-first heap   total 153600K, used 87639K [0x00000000e0000000, 0x0000000100000000)
  region size 1024K, 1 young (1024K), 1 survivors (1024K)
 Metaspace       used 22789K, committed 22976K, reserved 1073152K
  class space    used 2722K, committed 2816K, reserved 1048576K
}
Event: 747.634 GC heap before
{Heap before GC invocations=35 (full 0):
 garbage-first heap   total 153600K, used 88663K [0x00000000e0000000, 0x0000000100000000)
  region size 1024K, 3 young (3072K), 1 survivors (1024K)
 Metaspace       used 22798K, committed 22976K, reserved 1073152K
  class space    used 2722K, committed 2816K, reserved 1048576K
}
Event: 747.638 GC heap after
{Heap after GC invocations=36 (full 0):
 garbage-first heap   total 153600K, used 86220K [0x00000000e0000000, 0x0000000100000000)
  region size 1024K, 1 young (1024K), 1 survivors (1024K)
 Metaspace       used 22798K, committed 22976K, reserved 1073152K
  class space    used 2722K, committed 2816K, reserved 1048576K
}
Event: 747.884 GC heap before
{Heap before GC invocations=37 (full 0):
 garbage-first heap   total 153600K, used 92364K [0x00000000e0000000, 0x0000000100000000)
  region size 1024K, 3 young (3072K), 1 survivors (1024K)
 Metaspace       used 22810K, committed 22976K, reserved 1073152K
  class space    used 2722K, committed 2816K, reserved 1048576K
}
Event: 748.409 GC heap after
{Heap after GC invocations=38 (full 0):
 garbage-first heap   total 153600K, used 89308K [0x00000000e0000000, 0x0000000100000000)
  region size 1024K, 1 young (1024K), 1 survivors (1024K)
 Metaspace       used 22810K, committed 22976K, reserved 1073152K
  class space    used 2722K, committed 2816K, reserved 1048576K
}
Event: 749.642 GC heap before
{Heap before GC invocations=39 (full 0):
 garbage-first heap   total 155648K, used 94428K [0x00000000e0000000, 0x0000000100000000)
  region size 1024K, 2 young (2048K), 1 survivors (1024K)
 Metaspace       used 22810K, committed 22976K, reserved 1073152K
  class space    used 2722K, committed 2816K, reserved 1048576K
}
Event: 749.673 GC heap after
{Heap after GC invocations=40 (full 0):
 garbage-first heap   total 155648K, used 89308K [0x00000000e0000000, 0x0000000100000000)
  region size 1024K, 1 young (1024K), 1 survivors (1024K)
 Metaspace       used 22810K, committed 22976K, reserved 1073152K
  class space    used 2722K, committed 2816K, reserved 1048576K
}
Event: 828.484 GC heap before
{Heap before GC invocations=41 (full 0):
 garbage-first heap   total 157696K, used 99548K [0x00000000e0000000, 0x0000000100000000)
  region size 1024K, 7 young (7168K), 1 survivors (1024K)
 Metaspace       used 22901K, committed 23104K, reserved 1073152K
  class space    used 2724K, committed 2816K, reserved 1048576K
}
Event: 828.616 GC heap after
{Heap after GC invocations=42 (full 0):
 garbage-first heap   total 157696K, used 88374K [0x00000000e0000000, 0x0000000100000000)
  region size 1024K, 1 young (1024K), 1 survivors (1024K)
 Metaspace       used 22901K, committed 23104K, reserved 1073152K
  class space    used 2724K, committed 2816K, reserved 1048576K
}
Event: 922.121 GC heap before
{Heap before GC invocations=42 (full 0):
 garbage-first heap   total 157696K, used 94518K [0x00000000e0000000, 0x0000000100000000)
  region size 1024K, 7 young (7168K), 1 survivors (1024K)
 Metaspace       used 22940K, committed 23168K, reserved 1073152K
  class space    used 2725K, committed 2816K, reserved 1048576K
}
Event: 922.123 GC heap after
{Heap after GC invocations=43 (full 0):
 garbage-first heap   total 157696K, used 88458K [0x00000000e0000000, 0x0000000100000000)
  region size 1024K, 1 young (1024K), 1 survivors (1024K)
 Metaspace       used 22940K, committed 23168K, reserved 1073152K
  class space    used 2725K, committed 2816K, reserved 1048576K
}
Event: 1025.540 GC heap before
{Heap before GC invocations=44 (full 0):
 garbage-first heap   total 157696K, used 93368K [0x00000000e0000000, 0x0000000100000000)
  region size 1024K, 7 young (7168K), 1 survivors (1024K)
 Metaspace       used 23018K, committed 23232K, reserved 1073152K
  class space    used 2727K, committed 2816K, reserved 1048576K
}
Event: 1026.151 GC heap after
{Heap after GC invocations=45 (full 0):
 garbage-first heap   total 157696K, used 87242K [0x00000000e0000000, 0x0000000100000000)
  region size 1024K, 1 young (1024K), 1 survivors (1024K)
 Metaspace       used 23018K, committed 23232K, reserved 1073152K
  class space    used 2727K, committed 2816K, reserved 1048576K
}
Event: 1093.644 GC heap before
{Heap before GC invocations=45 (full 0):
 garbage-first heap   total 157696K, used 94410K [0x00000000e0000000, 0x0000000100000000)
  region size 1024K, 8 young (8192K), 1 survivors (1024K)
 Metaspace       used 23110K, committed 23360K, reserved 1073152K
  class space    used 2729K, committed 2816K, reserved 1048576K
}
Event: 1094.075 GC heap after
{Heap after GC invocations=46 (full 0):
 garbage-first heap   total 157696K, used 85479K [0x00000000e0000000, 0x0000000100000000)
  region size 1024K, 1 young (1024K), 1 survivors (1024K)
 Metaspace       used 23110K, committed 23360K, reserved 1073152K
  class space    used 2729K, committed 2816K, reserved 1048576K
}

